<?xml version="1.0" encoding="utf-8" standalone="no"?>
<!--This file represents the results of running a test suite-->
<test-results name="C:\Dev\CIAPI.CS.Samples\mrdavidlaing.CityIndexScreensaver\CIAPI.IntegrationTests.nunit" total="1" errors="0" failures="1" not-run="0" inconclusive="0" ignored="0" skipped="0" invalid="0" date="2011-03-15" time="23:45:06">
  <environment nunit-version="2.5.9.10348" clr-version="2.0.50727.4927" os-version="Microsoft Windows NT 6.1.7600.0" platform="Win32NT" cwd="C:\Dev\CIAPI.CS.Samples\mrdavidlaing.CityIndexScreensaver\packages\NUnit.2.5.9.10348\Tools" machine-name="LON-WS00761" user="mrdavidlaing" user-domain="LON-WS00761" />
  <culture-info current-culture="en-GB" current-uiculture="en-US" />
  <test-suite type="Test Project" name="C:\Dev\CIAPI.CS.Samples\mrdavidlaing.CityIndexScreensaver\CIAPI.IntegrationTests.nunit" executed="True" result="Failure" success="False" time="14.928" asserts="0">
    <results>
      <test-suite type="Assembly" name="C:\Dev\CIAPI.CS.Samples\mrdavidlaing.CityIndexScreensaver\CIAPI.IntegrationTests\bin\Debug\CIAPI.IntegrationTests.dll" executed="True" result="Failure" success="False" time="14.689" asserts="0">
        <results>
          <test-suite type="Namespace" name="CIAPI" executed="True" result="Failure" success="False" time="14.684" asserts="0">
            <results>
              <test-suite type="Namespace" name="IntegrationTests" executed="True" result="Failure" success="False" time="14.684" asserts="0">
                <results>
                  <test-suite type="TestFixture" name="StreamingTests" executed="True" result="Failure" success="False" time="14.666" asserts="0">
                    <results>
                      <test-case name="CIAPI.IntegrationTests.StreamingTests.DoesNotListenForMessagesOfWrongTypeOnTopic" executed="True" result="Failure" success="False" time="14.488" asserts="2">
                        <failure>
                          <message><![CDATA[  Too many pricebars
  Expected: 0
  But was:  3
]]></message>
                          <stack-trace><![CDATA[at CIAPI.IntegrationTests.StreamingTests.DoesNotListenForMessagesOfWrongTypeOnTopic() in C:\Dev\CIAPI.CS.Samples\mrdavidlaing.CityIndexScreensaver\CIAPI.IntegrationTests\StreamingTests.cs:line 47
]]></stack-trace>
                        </failure>
                      </test-case>
                    </results>
                  </test-suite>
                </results>
              </test-suite>
            </results>
          </test-suite>
        </results>
      </test-suite>
    </results>
  </test-suite>
</test-results>